<?xml version="1.0" encoding="UTF-8"?>
<testsuite xmlns:xsi="http://www.w3.org/2001/XMLSchema-instance" xsi:noNamespaceSchemaLocation="https://maven.apache.org/surefire/maven-surefire-plugin/xsd/surefire-test-report.xsd" name="com.swnat.processes.InterviewWorkflowIntegrationTest" time="20.586" tests="1" errors="0" skipped="0" failures="0">
  <properties>
    <property name="sun.desktop" value="gnome"/>
    <property name="awt.toolkit" value="sun.awt.X11.XToolkit"/>
    <property name="file.encoding.pkg" value="sun.io"/>
    <property name="java.specification.version" value="1.8"/>
    <property name="sun.cpu.isalist" value=""/>
    <property name="sun.jnu.encoding" value="UTF-8"/>
    <property name="java.class.path" value="/home/sofia/Documentos/peoplemanagement/back-end/target/test-classes:/home/sofia/Documentos/peoplemanagement/back-end/target/classes:/home/sofia/.m2/repository/org/springframework/boot/spring-boot-starter-data-jpa/2.1.1.RELEASE/spring-boot-starter-data-jpa-2.1.1.RELEASE.jar:/home/sofia/.m2/repository/org/springframework/boot/spring-boot-starter-aop/2.1.1.RELEASE/spring-boot-starter-aop-2.1.1.RELEASE.jar:/home/sofia/.m2/repository/org/aspectj/aspectjweaver/1.9.2/aspectjweaver-1.9.2.jar:/home/sofia/.m2/repository/org/springframework/boot/spring-boot-starter-jdbc/2.1.1.RELEASE/spring-boot-starter-jdbc-2.1.1.RELEASE.jar:/home/sofia/.m2/repository/com/zaxxer/HikariCP/3.2.0/HikariCP-3.2.0.jar:/home/sofia/.m2/repository/org/springframework/spring-jdbc/5.1.3.RELEASE/spring-jdbc-5.1.3.RELEASE.jar:/home/sofia/.m2/repository/javax/transaction/javax.transaction-api/1.3/javax.transaction-api-1.3.jar:/home/sofia/.m2/repository/javax/xml/bind/jaxb-api/2.3.1/jaxb-api-2.3.1.jar:/home/sofia/.m2/repository/javax/activation/javax.activation-api/1.2.0/javax.activation-api-1.2.0.jar:/home/sofia/.m2/repository/org/hibernate/hibernate-core/5.3.7.Final/hibernate-core-5.3.7.Final.jar:/home/sofia/.m2/repository/org/jboss/logging/jboss-logging/3.3.2.Final/jboss-logging-3.3.2.Final.jar:/home/sofia/.m2/repository/javax/persistence/javax.persistence-api/2.2/javax.persistence-api-2.2.jar:/home/sofia/.m2/repository/org/javassist/javassist/3.23.1-GA/javassist-3.23.1-GA.jar:/home/sofia/.m2/repository/net/bytebuddy/byte-buddy/1.9.5/byte-buddy-1.9.5.jar:/home/sofia/.m2/repository/antlr/antlr/2.7.7/antlr-2.7.7.jar:/home/sofia/.m2/repository/org/jboss/jandex/2.0.5.Final/jandex-2.0.5.Final.jar:/home/sofia/.m2/repository/org/dom4j/dom4j/2.1.1/dom4j-2.1.1.jar:/home/sofia/.m2/repository/org/hibernate/common/hibernate-commons-annotations/5.0.4.Final/hibernate-commons-annotations-5.0.4.Final.jar:/home/sofia/.m2/repository/org/springframework/data/spring-data-jpa/2.1.3.RELEASE/spring-data-jpa-2.1.3.RELEASE.jar:/home/sofia/.m2/repository/org/springframework/data/spring-data-commons/2.1.3.RELEASE/spring-data-commons-2.1.3.RELEASE.jar:/home/sofia/.m2/repository/org/springframework/spring-orm/5.1.3.RELEASE/spring-orm-5.1.3.RELEASE.jar:/home/sofia/.m2/repository/org/springframework/spring-context/5.1.3.RELEASE/spring-context-5.1.3.RELEASE.jar:/home/sofia/.m2/repository/org/springframework/spring-tx/5.1.3.RELEASE/spring-tx-5.1.3.RELEASE.jar:/home/sofia/.m2/repository/org/springframework/spring-beans/5.1.3.RELEASE/spring-beans-5.1.3.RELEASE.jar:/home/sofia/.m2/repository/org/springframework/spring-aspects/5.1.3.RELEASE/spring-aspects-5.1.3.RELEASE.jar:/home/sofia/.m2/repository/org/springframework/boot/spring-boot-starter-data-rest/2.1.1.RELEASE/spring-boot-starter-data-rest-2.1.1.RELEASE.jar:/home/sofia/.m2/repository/org/springframework/data/spring-data-rest-webmvc/3.1.3.RELEASE/spring-data-rest-webmvc-3.1.3.RELEASE.jar:/home/sofia/.m2/repository/org/springframework/data/spring-data-rest-core/3.1.3.RELEASE/spring-data-rest-core-3.1.3.RELEASE.jar:/home/sofia/.m2/repository/org/atteo/evo-inflector/1.2.2/evo-inflector-1.2.2.jar:/home/sofia/.m2/repository/com/fasterxml/jackson/core/jackson-annotations/2.9.0/jackson-annotations-2.9.0.jar:/home/sofia/.m2/repository/org/springframework/boot/spring-boot-starter-web/2.1.1.RELEASE/spring-boot-starter-web-2.1.1.RELEASE.jar:/home/sofia/.m2/repository/org/springframework/boot/spring-boot-starter/2.1.1.RELEASE/spring-boot-starter-2.1.1.RELEASE.jar:/home/sofia/.m2/repository/org/springframework/boot/spring-boot/2.1.1.RELEASE/spring-boot-2.1.1.RELEASE.jar:/home/sofia/.m2/repository/org/springframework/boot/spring-boot-autoconfigure/2.1.1.RELEASE/spring-boot-autoconfigure-2.1.1.RELEASE.jar:/home/sofia/.m2/repository/org/springframework/boot/spring-boot-starter-logging/2.1.1.RELEASE/spring-boot-starter-logging-2.1.1.RELEASE.jar:/home/sofia/.m2/repository/org/apache/logging/log4j/log4j-to-slf4j/2.11.1/log4j-to-slf4j-2.11.1.jar:/home/sofia/.m2/repository/org/apache/logging/log4j/log4j-api/2.11.1/log4j-api-2.11.1.jar:/home/sofia/.m2/repository/org/slf4j/jul-to-slf4j/1.7.25/jul-to-slf4j-1.7.25.jar:/home/sofia/.m2/repository/javax/annotation/javax.annotation-api/1.3.2/javax.annotation-api-1.3.2.jar:/home/sofia/.m2/repository/org/springframework/boot/spring-boot-starter-json/2.1.1.RELEASE/spring-boot-starter-json-2.1.1.RELEASE.jar:/home/sofia/.m2/repository/com/fasterxml/jackson/datatype/jackson-datatype-jdk8/2.9.7/jackson-datatype-jdk8-2.9.7.jar:/home/sofia/.m2/repository/com/fasterxml/jackson/datatype/jackson-datatype-jsr310/2.9.7/jackson-datatype-jsr310-2.9.7.jar:/home/sofia/.m2/repository/com/fasterxml/jackson/module/jackson-module-parameter-names/2.9.7/jackson-module-parameter-names-2.9.7.jar:/home/sofia/.m2/repository/org/springframework/boot/spring-boot-starter-tomcat/2.1.1.RELEASE/spring-boot-starter-tomcat-2.1.1.RELEASE.jar:/home/sofia/.m2/repository/org/apache/tomcat/embed/tomcat-embed-core/9.0.13/tomcat-embed-core-9.0.13.jar:/home/sofia/.m2/repository/org/apache/tomcat/embed/tomcat-embed-el/9.0.13/tomcat-embed-el-9.0.13.jar:/home/sofia/.m2/repository/org/apache/tomcat/embed/tomcat-embed-websocket/9.0.13/tomcat-embed-websocket-9.0.13.jar:/home/sofia/.m2/repository/org/hibernate/validator/hibernate-validator/6.0.13.Final/hibernate-validator-6.0.13.Final.jar:/home/sofia/.m2/repository/javax/validation/validation-api/2.0.1.Final/validation-api-2.0.1.Final.jar:/home/sofia/.m2/repository/org/springframework/spring-web/5.1.3.RELEASE/spring-web-5.1.3.RELEASE.jar:/home/sofia/.m2/repository/org/springframework/spring-webmvc/5.1.3.RELEASE/spring-webmvc-5.1.3.RELEASE.jar:/home/sofia/.m2/repository/org/springframework/spring-expression/5.1.3.RELEASE/spring-expression-5.1.3.RELEASE.jar:/home/sofia/.m2/repository/org/liquibase/liquibase-core/3.6.2/liquibase-core-3.6.2.jar:/home/sofia/.m2/repository/org/yaml/snakeyaml/1.23/snakeyaml-1.23.jar:/home/sofia/.m2/repository/org/slf4j/slf4j-api/1.7.25/slf4j-api-1.7.25.jar:/home/sofia/.m2/repository/ch/qos/logback/logback-classic/1.2.3/logback-classic-1.2.3.jar:/home/sofia/.m2/repository/ch/qos/logback/logback-core/1.2.3/logback-core-1.2.3.jar:/home/sofia/.m2/repository/org/postgresql/postgresql/9.4.1212.jre7/postgresql-9.4.1212.jre7.jar:/home/sofia/.m2/repository/org/springframework/boot/spring-boot-starter-test/2.1.1.RELEASE/spring-boot-starter-test-2.1.1.RELEASE.jar:/home/sofia/.m2/repository/org/springframework/boot/spring-boot-test/2.1.1.RELEASE/spring-boot-test-2.1.1.RELEASE.jar:/home/sofia/.m2/repository/org/springframework/boot/spring-boot-test-autoconfigure/2.1.1.RELEASE/spring-boot-test-autoconfigure-2.1.1.RELEASE.jar:/home/sofia/.m2/repository/com/jayway/jsonpath/json-path/2.4.0/json-path-2.4.0.jar:/home/sofia/.m2/repository/net/minidev/json-smart/2.3/json-smart-2.3.jar:/home/sofia/.m2/repository/net/minidev/accessors-smart/1.2/accessors-smart-1.2.jar:/home/sofia/.m2/repository/org/ow2/asm/asm/5.0.4/asm-5.0.4.jar:/home/sofia/.m2/repository/junit/junit/4.12/junit-4.12.jar:/home/sofia/.m2/repository/org/assertj/assertj-core/3.11.1/assertj-core-3.11.1.jar:/home/sofia/.m2/repository/org/mockito/mockito-core/2.23.4/mockito-core-2.23.4.jar:/home/sofia/.m2/repository/net/bytebuddy/byte-buddy-agent/1.9.5/byte-buddy-agent-1.9.5.jar:/home/sofia/.m2/repository/org/objenesis/objenesis/2.6/objenesis-2.6.jar:/home/sofia/.m2/repository/org/hamcrest/hamcrest-core/1.3/hamcrest-core-1.3.jar:/home/sofia/.m2/repository/org/hamcrest/hamcrest-library/1.3/hamcrest-library-1.3.jar:/home/sofia/.m2/repository/org/skyscreamer/jsonassert/1.5.0/jsonassert-1.5.0.jar:/home/sofia/.m2/repository/com/vaadin/external/google/android-json/0.0.20131108.vaadin1/android-json-0.0.20131108.vaadin1.jar:/home/sofia/.m2/repository/org/springframework/spring-core/5.1.3.RELEASE/spring-core-5.1.3.RELEASE.jar:/home/sofia/.m2/repository/org/springframework/spring-jcl/5.1.3.RELEASE/spring-jcl-5.1.3.RELEASE.jar:/home/sofia/.m2/repository/org/springframework/spring-test/5.1.3.RELEASE/spring-test-5.1.3.RELEASE.jar:/home/sofia/.m2/repository/org/xmlunit/xmlunit-core/2.6.2/xmlunit-core-2.6.2.jar:/home/sofia/.m2/repository/org/springframework/restdocs/spring-restdocs-mockmvc/2.0.2.RELEASE/spring-restdocs-mockmvc-2.0.2.RELEASE.jar:/home/sofia/.m2/repository/javax/servlet/javax.servlet-api/4.0.1/javax.servlet-api-4.0.1.jar:/home/sofia/.m2/repository/org/springframework/restdocs/spring-restdocs-core/2.0.2.RELEASE/spring-restdocs-core-2.0.2.RELEASE.jar:/home/sofia/.m2/repository/org/springframework/boot/spring-boot-starter-security/2.1.1.RELEASE/spring-boot-starter-security-2.1.1.RELEASE.jar:/home/sofia/.m2/repository/org/springframework/spring-aop/5.1.3.RELEASE/spring-aop-5.1.3.RELEASE.jar:/home/sofia/.m2/repository/org/springframework/security/spring-security-config/5.1.2.RELEASE/spring-security-config-5.1.2.RELEASE.jar:/home/sofia/.m2/repository/org/springframework/security/spring-security-core/5.1.2.RELEASE/spring-security-core-5.1.2.RELEASE.jar:/home/sofia/.m2/repository/org/springframework/security/spring-security-web/5.1.2.RELEASE/spring-security-web-5.1.2.RELEASE.jar:/home/sofia/.m2/repository/io/jsonwebtoken/jjwt/0.9.0/jjwt-0.9.0.jar:/home/sofia/.m2/repository/com/fasterxml/jackson/core/jackson-databind/2.9.7/jackson-databind-2.9.7.jar:/home/sofia/.m2/repository/com/fasterxml/jackson/core/jackson-core/2.9.7/jackson-core-2.9.7.jar:/home/sofia/.m2/repository/io/springfox/springfox-swagger2/2.9.2/springfox-swagger2-2.9.2.jar:/home/sofia/.m2/repository/io/swagger/swagger-annotations/1.5.20/swagger-annotations-1.5.20.jar:/home/sofia/.m2/repository/io/swagger/swagger-models/1.5.20/swagger-models-1.5.20.jar:/home/sofia/.m2/repository/io/springfox/springfox-spi/2.9.2/springfox-spi-2.9.2.jar:/home/sofia/.m2/repository/io/springfox/springfox-core/2.9.2/springfox-core-2.9.2.jar:/home/sofia/.m2/repository/io/springfox/springfox-schema/2.9.2/springfox-schema-2.9.2.jar:/home/sofia/.m2/repository/io/springfox/springfox-spring-web/2.9.2/springfox-spring-web-2.9.2.jar:/home/sofia/.m2/repository/com/google/guava/guava/20.0/guava-20.0.jar:/home/sofia/.m2/repository/com/fasterxml/classmate/1.4.0/classmate-1.4.0.jar:/home/sofia/.m2/repository/org/springframework/plugin/spring-plugin-core/1.2.0.RELEASE/spring-plugin-core-1.2.0.RELEASE.jar:/home/sofia/.m2/repository/org/springframework/plugin/spring-plugin-metadata/1.2.0.RELEASE/spring-plugin-metadata-1.2.0.RELEASE.jar:/home/sofia/.m2/repository/org/mapstruct/mapstruct/1.2.0.Final/mapstruct-1.2.0.Final.jar:/home/sofia/.m2/repository/io/springfox/springfox-swagger-ui/2.9.2/springfox-swagger-ui-2.9.2.jar:/home/sofia/.m2/repository/io/springfox/springfox-swagger-common/2.9.2/springfox-swagger-common-2.9.2.jar:/home/sofia/.m2/repository/io/springfox/springfox-data-rest/2.9.2/springfox-data-rest-2.9.2.jar:/home/sofia/.m2/repository/org/springframework/hateoas/spring-hateoas/0.25.0.RELEASE/spring-hateoas-0.25.0.RELEASE.jar:/home/sofia/.m2/repository/io/springfox/springfox-bean-validators/2.9.2/springfox-bean-validators-2.9.2.jar:/home/sofia/.m2/repository/org/flowable/flowable-spring-boot-starter/6.4.2/flowable-spring-boot-starter-6.4.2.jar:/home/sofia/.m2/repository/org/flowable/flowable-spring-boot-autoconfigure/6.4.2/flowable-spring-boot-autoconfigure-6.4.2.jar:/home/sofia/.m2/repository/org/flowable/flowable-spring-security/6.4.2/flowable-spring-security-6.4.2.jar:/home/sofia/.m2/repository/org/flowable/flowable-engine-common-api/6.4.2/flowable-engine-common-api-6.4.2.jar:/home/sofia/.m2/repository/org/flowable/flowable-idm-api/6.4.2/flowable-idm-api-6.4.2.jar:/home/sofia/.m2/repository/org/flowable/flowable-spring-boot-starter-app/6.4.2/flowable-spring-boot-starter-app-6.4.2.jar:/home/sofia/.m2/repository/org/flowable/flowable-app-engine/6.4.2/flowable-app-engine-6.4.2.jar:/home/sofia/.m2/repository/org/flowable/flowable-app-engine-api/6.4.2/flowable-app-engine-api-6.4.2.jar:/home/sofia/.m2/repository/org/flowable/flowable-idm-engine/6.4.2/flowable-idm-engine-6.4.2.jar:/home/sofia/.m2/repository/commons-codec/commons-codec/1.11/commons-codec-1.11.jar:/home/sofia/.m2/repository/org/flowable/flowable-variable-service/6.4.2/flowable-variable-service-6.4.2.jar:/home/sofia/.m2/repository/org/flowable/flowable-identitylink-service/6.4.2/flowable-identitylink-service-6.4.2.jar:/home/sofia/.m2/repository/org/flowable/flowable-identitylink-service-api/6.4.2/flowable-identitylink-service-api-6.4.2.jar:/home/sofia/.m2/repository/com/fasterxml/uuid/java-uuid-generator/3.2.0/java-uuid-generator-3.2.0.jar:/home/sofia/.m2/repository/org/apache/commons/commons-lang3/3.8.1/commons-lang3-3.8.1.jar:/home/sofia/.m2/repository/org/flowable/flowable-dmn-api/6.4.2/flowable-dmn-api-6.4.2.jar:/home/sofia/.m2/repository/org/flowable/flowable-app-engine-spring/6.4.2/flowable-app-engine-spring-6.4.2.jar:/home/sofia/.m2/repository/org/slf4j/jcl-over-slf4j/1.7.25/jcl-over-slf4j-1.7.25.jar:/home/sofia/.m2/repository/org/flowable/flowable-spring-boot-starter-process/6.4.2/flowable-spring-boot-starter-process-6.4.2.jar:/home/sofia/.m2/repository/org/flowable/flowable-engine/6.4.2/flowable-engine-6.4.2.jar:/home/sofia/.m2/repository/org/flowable/flowable-bpmn-converter/6.4.2/flowable-bpmn-converter-6.4.2.jar:/home/sofia/.m2/repository/org/flowable/flowable-bpmn-model/6.4.2/flowable-bpmn-model-6.4.2.jar:/home/sofia/.m2/repository/org/flowable/flowable-process-validation/6.4.2/flowable-process-validation-6.4.2.jar:/home/sofia/.m2/repository/org/flowable/flowable-image-generator/6.4.2/flowable-image-generator-6.4.2.jar:/home/sofia/.m2/repository/org/flowable/flowable-entitylink-service/6.4.2/flowable-entitylink-service-6.4.2.jar:/home/sofia/.m2/repository/org/flowable/flowable-entitylink-service-api/6.4.2/flowable-entitylink-service-api-6.4.2.jar:/home/sofia/.m2/repository/org/flowable/flowable-eventsubscription-service/6.4.2/flowable-eventsubscription-service-6.4.2.jar:/home/sofia/.m2/repository/org/flowable/flowable-eventsubscription-service-api/6.4.2/flowable-eventsubscription-service-api-6.4.2.jar:/home/sofia/.m2/repository/org/flowable/flowable-task-service/6.4.2/flowable-task-service-6.4.2.jar:/home/sofia/.m2/repository/org/flowable/flowable-task-service-api/6.4.2/flowable-task-service-api-6.4.2.jar:/home/sofia/.m2/repository/org/flowable/flowable-job-service/6.4.2/flowable-job-service-6.4.2.jar:/home/sofia/.m2/repository/org/flowable/flowable-job-service-api/6.4.2/flowable-job-service-api-6.4.2.jar:/home/sofia/.m2/repository/org/flowable/flowable-cmmn-api/6.4.2/flowable-cmmn-api-6.4.2.jar:/home/sofia/.m2/repository/org/flowable/flowable-cmmn-model/6.4.2/flowable-cmmn-model-6.4.2.jar:/home/sofia/.m2/repository/org/flowable/flowable-form-model/6.4.2/flowable-form-model-6.4.2.jar:/home/sofia/.m2/repository/org/flowable/flowable-form-api/6.4.2/flowable-form-api-6.4.2.jar:/home/sofia/.m2/repository/org/flowable/flowable-content-api/6.4.2/flowable-content-api-6.4.2.jar:/home/sofia/.m2/repository/org/apache/commons/commons-email/1.5/commons-email-1.5.jar:/home/sofia/.m2/repository/com/sun/mail/javax.mail/1.6.2/javax.mail-1.6.2.jar:/home/sofia/.m2/repository/javax/activation/activation/1.1/activation-1.1.jar:/home/sofia/.m2/repository/org/mybatis/mybatis/3.5.1/mybatis-3.5.1.jar:/home/sofia/.m2/repository/joda-time/joda-time/2.10.1/joda-time-2.10.1.jar:/home/sofia/.m2/repository/org/flowable/flowable-spring/6.4.2/flowable-spring-6.4.2.jar:/home/sofia/.m2/repository/org/flowable/flowable-job-spring-service/6.4.2/flowable-job-spring-service-6.4.2.jar:/home/sofia/.m2/repository/org/flowable/flowable-spring-boot-starter-cmmn/6.4.2/flowable-spring-boot-starter-cmmn-6.4.2.jar:/home/sofia/.m2/repository/org/flowable/flowable-cmmn-engine/6.4.2/flowable-cmmn-engine-6.4.2.jar:/home/sofia/.m2/repository/org/flowable/flowable-cmmn-image-generator/6.4.2/flowable-cmmn-image-generator-6.4.2.jar:/home/sofia/.m2/repository/org/flowable/flowable-cmmn-converter/6.4.2/flowable-cmmn-converter-6.4.2.jar:/home/sofia/.m2/repository/org/flowable/flowable-cmmn-spring/6.4.2/flowable-cmmn-spring-6.4.2.jar:/home/sofia/.m2/repository/org/flowable/flowable-spring-boot-starter-dmn/6.4.2/flowable-spring-boot-starter-dmn-6.4.2.jar:/home/sofia/.m2/repository/org/flowable/flowable-dmn-engine/6.4.2/flowable-dmn-engine-6.4.2.jar:/home/sofia/.m2/repository/org/flowable/flowable-dmn-model/6.4.2/flowable-dmn-model-6.4.2.jar:/home/sofia/.m2/repository/org/flowable/flowable-dmn-xml-converter/6.4.2/flowable-dmn-xml-converter-6.4.2.jar:/home/sofia/.m2/repository/commons-io/commons-io/2.6/commons-io-2.6.jar:/home/sofia/.m2/repository/commons-logging/commons-logging/1.2/commons-logging-1.2.jar:/home/sofia/.m2/repository/org/flowable/flowable-dmn-spring/6.4.2/flowable-dmn-spring-6.4.2.jar:/home/sofia/.m2/repository/org/flowable/flowable-spring-configurator/6.4.2/flowable-spring-configurator-6.4.2.jar:/home/sofia/.m2/repository/org/flowable/flowable-engine-configurator/6.4.2/flowable-engine-configurator-6.4.2.jar:/home/sofia/.m2/repository/org/flowable/flowable-cmmn-spring-configurator/6.4.2/flowable-cmmn-spring-configurator-6.4.2.jar:/home/sofia/.m2/repository/org/flowable/flowable-cmmn-engine-configurator/6.4.2/flowable-cmmn-engine-configurator-6.4.2.jar:/home/sofia/.m2/repository/org/flowable/flowable-dmn-spring-configurator/6.4.2/flowable-dmn-spring-configurator-6.4.2.jar:/home/sofia/.m2/repository/org/flowable/flowable-dmn-engine-configurator/6.4.2/flowable-dmn-engine-configurator-6.4.2.jar:/home/sofia/.m2/repository/org/flowable/flowable-form-spring-configurator/6.4.2/flowable-form-spring-configurator-6.4.2.jar:/home/sofia/.m2/repository/org/flowable/flowable-form-spring/6.4.2/flowable-form-spring-6.4.2.jar:/home/sofia/.m2/repository/org/flowable/flowable-form-engine/6.4.2/flowable-form-engine-6.4.2.jar:/home/sofia/.m2/repository/org/flowable/flowable-form-json-converter/6.4.2/flowable-form-json-converter-6.4.2.jar:/home/sofia/.m2/repository/org/flowable/flowable-form-engine-configurator/6.4.2/flowable-form-engine-configurator-6.4.2.jar:/home/sofia/.m2/repository/org/flowable/flowable-content-spring-configurator/6.4.2/flowable-content-spring-configurator-6.4.2.jar:/home/sofia/.m2/repository/org/flowable/flowable-content-spring/6.4.2/flowable-content-spring-6.4.2.jar:/home/sofia/.m2/repository/org/flowable/flowable-content-engine/6.4.2/flowable-content-engine-6.4.2.jar:/home/sofia/.m2/repository/org/flowable/flowable-content-engine-configurator/6.4.2/flowable-content-engine-configurator-6.4.2.jar:/home/sofia/.m2/repository/org/flowable/flowable-idm-spring-configurator/6.4.2/flowable-idm-spring-configurator-6.4.2.jar:/home/sofia/.m2/repository/org/flowable/flowable-engine-common/6.4.2/flowable-engine-common-6.4.2.jar:/home/sofia/.m2/repository/org/flowable/flowable-variable-service-api/6.4.2/flowable-variable-service-api-6.4.2.jar:/home/sofia/.m2/repository/org/flowable/flowable-spring-common/6.4.2/flowable-spring-common-6.4.2.jar:/home/sofia/.m2/repository/org/flowable/flowable-idm-spring/6.4.2/flowable-idm-spring-6.4.2.jar:/home/sofia/.m2/repository/org/flowable/flowable-idm-engine-configurator/6.4.2/flowable-idm-engine-configurator-6.4.2.jar:/home/sofia/.m2/repository/org/junit/jupiter/junit-jupiter-engine/5.3.2/junit-jupiter-engine-5.3.2.jar:/home/sofia/.m2/repository/org/apiguardian/apiguardian-api/1.0.0/apiguardian-api-1.0.0.jar:/home/sofia/.m2/repository/org/junit/platform/junit-platform-engine/1.3.2/junit-platform-engine-1.3.2.jar:/home/sofia/.m2/repository/org/junit/platform/junit-platform-commons/1.3.2/junit-platform-commons-1.3.2.jar:/home/sofia/.m2/repository/org/opentest4j/opentest4j/1.1.1/opentest4j-1.1.1.jar:/home/sofia/.m2/repository/org/junit/jupiter/junit-jupiter-api/5.3.2/junit-jupiter-api-5.3.2.jar:"/>
    <property name="java.vm.vendor" value="Private Build"/>
    <property name="sun.arch.data.model" value="64"/>
    <property name="java.vendor.url" value="http://java.oracle.com/"/>
    <property name="user.timezone" value=""/>
    <property name="java.vm.specification.version" value="1.8"/>
    <property name="os.name" value="Linux"/>
    <property name="user.country" value="PY"/>
    <property name="sun.java.launcher" value="SUN_STANDARD"/>
    <property name="sun.boot.library.path" value="/usr/lib/jvm/java-8-openjdk-amd64/jre/lib/amd64"/>
    <property name="sun.java.command" value="/home/sofia/Documentos/peoplemanagement/back-end/target/surefire/surefirebooter7621027991244241249.jar /home/sofia/Documentos/peoplemanagement/back-end/target/surefire 2020-01-06T15-44-41_317-jvmRun1 surefire793353147253801894tmp surefire_05207194838455767907tmp"/>
    <property name="surefire.test.class.path" value="/home/sofia/Documentos/peoplemanagement/back-end/target/test-classes:/home/sofia/Documentos/peoplemanagement/back-end/target/classes:/home/sofia/.m2/repository/org/springframework/boot/spring-boot-starter-data-jpa/2.1.1.RELEASE/spring-boot-starter-data-jpa-2.1.1.RELEASE.jar:/home/sofia/.m2/repository/org/springframework/boot/spring-boot-starter-aop/2.1.1.RELEASE/spring-boot-starter-aop-2.1.1.RELEASE.jar:/home/sofia/.m2/repository/org/aspectj/aspectjweaver/1.9.2/aspectjweaver-1.9.2.jar:/home/sofia/.m2/repository/org/springframework/boot/spring-boot-starter-jdbc/2.1.1.RELEASE/spring-boot-starter-jdbc-2.1.1.RELEASE.jar:/home/sofia/.m2/repository/com/zaxxer/HikariCP/3.2.0/HikariCP-3.2.0.jar:/home/sofia/.m2/repository/org/springframework/spring-jdbc/5.1.3.RELEASE/spring-jdbc-5.1.3.RELEASE.jar:/home/sofia/.m2/repository/javax/transaction/javax.transaction-api/1.3/javax.transaction-api-1.3.jar:/home/sofia/.m2/repository/javax/xml/bind/jaxb-api/2.3.1/jaxb-api-2.3.1.jar:/home/sofia/.m2/repository/javax/activation/javax.activation-api/1.2.0/javax.activation-api-1.2.0.jar:/home/sofia/.m2/repository/org/hibernate/hibernate-core/5.3.7.Final/hibernate-core-5.3.7.Final.jar:/home/sofia/.m2/repository/org/jboss/logging/jboss-logging/3.3.2.Final/jboss-logging-3.3.2.Final.jar:/home/sofia/.m2/repository/javax/persistence/javax.persistence-api/2.2/javax.persistence-api-2.2.jar:/home/sofia/.m2/repository/org/javassist/javassist/3.23.1-GA/javassist-3.23.1-GA.jar:/home/sofia/.m2/repository/net/bytebuddy/byte-buddy/1.9.5/byte-buddy-1.9.5.jar:/home/sofia/.m2/repository/antlr/antlr/2.7.7/antlr-2.7.7.jar:/home/sofia/.m2/repository/org/jboss/jandex/2.0.5.Final/jandex-2.0.5.Final.jar:/home/sofia/.m2/repository/org/dom4j/dom4j/2.1.1/dom4j-2.1.1.jar:/home/sofia/.m2/repository/org/hibernate/common/hibernate-commons-annotations/5.0.4.Final/hibernate-commons-annotations-5.0.4.Final.jar:/home/sofia/.m2/repository/org/springframework/data/spring-data-jpa/2.1.3.RELEASE/spring-data-jpa-2.1.3.RELEASE.jar:/home/sofia/.m2/repository/org/springframework/data/spring-data-commons/2.1.3.RELEASE/spring-data-commons-2.1.3.RELEASE.jar:/home/sofia/.m2/repository/org/springframework/spring-orm/5.1.3.RELEASE/spring-orm-5.1.3.RELEASE.jar:/home/sofia/.m2/repository/org/springframework/spring-context/5.1.3.RELEASE/spring-context-5.1.3.RELEASE.jar:/home/sofia/.m2/repository/org/springframework/spring-tx/5.1.3.RELEASE/spring-tx-5.1.3.RELEASE.jar:/home/sofia/.m2/repository/org/springframework/spring-beans/5.1.3.RELEASE/spring-beans-5.1.3.RELEASE.jar:/home/sofia/.m2/repository/org/springframework/spring-aspects/5.1.3.RELEASE/spring-aspects-5.1.3.RELEASE.jar:/home/sofia/.m2/repository/org/springframework/boot/spring-boot-starter-data-rest/2.1.1.RELEASE/spring-boot-starter-data-rest-2.1.1.RELEASE.jar:/home/sofia/.m2/repository/org/springframework/data/spring-data-rest-webmvc/3.1.3.RELEASE/spring-data-rest-webmvc-3.1.3.RELEASE.jar:/home/sofia/.m2/repository/org/springframework/data/spring-data-rest-core/3.1.3.RELEASE/spring-data-rest-core-3.1.3.RELEASE.jar:/home/sofia/.m2/repository/org/atteo/evo-inflector/1.2.2/evo-inflector-1.2.2.jar:/home/sofia/.m2/repository/com/fasterxml/jackson/core/jackson-annotations/2.9.0/jackson-annotations-2.9.0.jar:/home/sofia/.m2/repository/org/springframework/boot/spring-boot-starter-web/2.1.1.RELEASE/spring-boot-starter-web-2.1.1.RELEASE.jar:/home/sofia/.m2/repository/org/springframework/boot/spring-boot-starter/2.1.1.RELEASE/spring-boot-starter-2.1.1.RELEASE.jar:/home/sofia/.m2/repository/org/springframework/boot/spring-boot/2.1.1.RELEASE/spring-boot-2.1.1.RELEASE.jar:/home/sofia/.m2/repository/org/springframework/boot/spring-boot-autoconfigure/2.1.1.RELEASE/spring-boot-autoconfigure-2.1.1.RELEASE.jar:/home/sofia/.m2/repository/org/springframework/boot/spring-boot-starter-logging/2.1.1.RELEASE/spring-boot-starter-logging-2.1.1.RELEASE.jar:/home/sofia/.m2/repository/org/apache/logging/log4j/log4j-to-slf4j/2.11.1/log4j-to-slf4j-2.11.1.jar:/home/sofia/.m2/repository/org/apache/logging/log4j/log4j-api/2.11.1/log4j-api-2.11.1.jar:/home/sofia/.m2/repository/org/slf4j/jul-to-slf4j/1.7.25/jul-to-slf4j-1.7.25.jar:/home/sofia/.m2/repository/javax/annotation/javax.annotation-api/1.3.2/javax.annotation-api-1.3.2.jar:/home/sofia/.m2/repository/org/springframework/boot/spring-boot-starter-json/2.1.1.RELEASE/spring-boot-starter-json-2.1.1.RELEASE.jar:/home/sofia/.m2/repository/com/fasterxml/jackson/datatype/jackson-datatype-jdk8/2.9.7/jackson-datatype-jdk8-2.9.7.jar:/home/sofia/.m2/repository/com/fasterxml/jackson/datatype/jackson-datatype-jsr310/2.9.7/jackson-datatype-jsr310-2.9.7.jar:/home/sofia/.m2/repository/com/fasterxml/jackson/module/jackson-module-parameter-names/2.9.7/jackson-module-parameter-names-2.9.7.jar:/home/sofia/.m2/repository/org/springframework/boot/spring-boot-starter-tomcat/2.1.1.RELEASE/spring-boot-starter-tomcat-2.1.1.RELEASE.jar:/home/sofia/.m2/repository/org/apache/tomcat/embed/tomcat-embed-core/9.0.13/tomcat-embed-core-9.0.13.jar:/home/sofia/.m2/repository/org/apache/tomcat/embed/tomcat-embed-el/9.0.13/tomcat-embed-el-9.0.13.jar:/home/sofia/.m2/repository/org/apache/tomcat/embed/tomcat-embed-websocket/9.0.13/tomcat-embed-websocket-9.0.13.jar:/home/sofia/.m2/repository/org/hibernate/validator/hibernate-validator/6.0.13.Final/hibernate-validator-6.0.13.Final.jar:/home/sofia/.m2/repository/javax/validation/validation-api/2.0.1.Final/validation-api-2.0.1.Final.jar:/home/sofia/.m2/repository/org/springframework/spring-web/5.1.3.RELEASE/spring-web-5.1.3.RELEASE.jar:/home/sofia/.m2/repository/org/springframework/spring-webmvc/5.1.3.RELEASE/spring-webmvc-5.1.3.RELEASE.jar:/home/sofia/.m2/repository/org/springframework/spring-expression/5.1.3.RELEASE/spring-expression-5.1.3.RELEASE.jar:/home/sofia/.m2/repository/org/liquibase/liquibase-core/3.6.2/liquibase-core-3.6.2.jar:/home/sofia/.m2/repository/org/yaml/snakeyaml/1.23/snakeyaml-1.23.jar:/home/sofia/.m2/repository/org/slf4j/slf4j-api/1.7.25/slf4j-api-1.7.25.jar:/home/sofia/.m2/repository/ch/qos/logback/logback-classic/1.2.3/logback-classic-1.2.3.jar:/home/sofia/.m2/repository/ch/qos/logback/logback-core/1.2.3/logback-core-1.2.3.jar:/home/sofia/.m2/repository/org/postgresql/postgresql/9.4.1212.jre7/postgresql-9.4.1212.jre7.jar:/home/sofia/.m2/repository/org/springframework/boot/spring-boot-starter-test/2.1.1.RELEASE/spring-boot-starter-test-2.1.1.RELEASE.jar:/home/sofia/.m2/repository/org/springframework/boot/spring-boot-test/2.1.1.RELEASE/spring-boot-test-2.1.1.RELEASE.jar:/home/sofia/.m2/repository/org/springframework/boot/spring-boot-test-autoconfigure/2.1.1.RELEASE/spring-boot-test-autoconfigure-2.1.1.RELEASE.jar:/home/sofia/.m2/repository/com/jayway/jsonpath/json-path/2.4.0/json-path-2.4.0.jar:/home/sofia/.m2/repository/net/minidev/json-smart/2.3/json-smart-2.3.jar:/home/sofia/.m2/repository/net/minidev/accessors-smart/1.2/accessors-smart-1.2.jar:/home/sofia/.m2/repository/org/ow2/asm/asm/5.0.4/asm-5.0.4.jar:/home/sofia/.m2/repository/junit/junit/4.12/junit-4.12.jar:/home/sofia/.m2/repository/org/assertj/assertj-core/3.11.1/assertj-core-3.11.1.jar:/home/sofia/.m2/repository/org/mockito/mockito-core/2.23.4/mockito-core-2.23.4.jar:/home/sofia/.m2/repository/net/bytebuddy/byte-buddy-agent/1.9.5/byte-buddy-agent-1.9.5.jar:/home/sofia/.m2/repository/org/objenesis/objenesis/2.6/objenesis-2.6.jar:/home/sofia/.m2/repository/org/hamcrest/hamcrest-core/1.3/hamcrest-core-1.3.jar:/home/sofia/.m2/repository/org/hamcrest/hamcrest-library/1.3/hamcrest-library-1.3.jar:/home/sofia/.m2/repository/org/skyscreamer/jsonassert/1.5.0/jsonassert-1.5.0.jar:/home/sofia/.m2/repository/com/vaadin/external/google/android-json/0.0.20131108.vaadin1/android-json-0.0.20131108.vaadin1.jar:/home/sofia/.m2/repository/org/springframework/spring-core/5.1.3.RELEASE/spring-core-5.1.3.RELEASE.jar:/home/sofia/.m2/repository/org/springframework/spring-jcl/5.1.3.RELEASE/spring-jcl-5.1.3.RELEASE.jar:/home/sofia/.m2/repository/org/springframework/spring-test/5.1.3.RELEASE/spring-test-5.1.3.RELEASE.jar:/home/sofia/.m2/repository/org/xmlunit/xmlunit-core/2.6.2/xmlunit-core-2.6.2.jar:/home/sofia/.m2/repository/org/springframework/restdocs/spring-restdocs-mockmvc/2.0.2.RELEASE/spring-restdocs-mockmvc-2.0.2.RELEASE.jar:/home/sofia/.m2/repository/javax/servlet/javax.servlet-api/4.0.1/javax.servlet-api-4.0.1.jar:/home/sofia/.m2/repository/org/springframework/restdocs/spring-restdocs-core/2.0.2.RELEASE/spring-restdocs-core-2.0.2.RELEASE.jar:/home/sofia/.m2/repository/org/springframework/boot/spring-boot-starter-security/2.1.1.RELEASE/spring-boot-starter-security-2.1.1.RELEASE.jar:/home/sofia/.m2/repository/org/springframework/spring-aop/5.1.3.RELEASE/spring-aop-5.1.3.RELEASE.jar:/home/sofia/.m2/repository/org/springframework/security/spring-security-config/5.1.2.RELEASE/spring-security-config-5.1.2.RELEASE.jar:/home/sofia/.m2/repository/org/springframework/security/spring-security-core/5.1.2.RELEASE/spring-security-core-5.1.2.RELEASE.jar:/home/sofia/.m2/repository/org/springframework/security/spring-security-web/5.1.2.RELEASE/spring-security-web-5.1.2.RELEASE.jar:/home/sofia/.m2/repository/io/jsonwebtoken/jjwt/0.9.0/jjwt-0.9.0.jar:/home/sofia/.m2/repository/com/fasterxml/jackson/core/jackson-databind/2.9.7/jackson-databind-2.9.7.jar:/home/sofia/.m2/repository/com/fasterxml/jackson/core/jackson-core/2.9.7/jackson-core-2.9.7.jar:/home/sofia/.m2/repository/io/springfox/springfox-swagger2/2.9.2/springfox-swagger2-2.9.2.jar:/home/sofia/.m2/repository/io/swagger/swagger-annotations/1.5.20/swagger-annotations-1.5.20.jar:/home/sofia/.m2/repository/io/swagger/swagger-models/1.5.20/swagger-models-1.5.20.jar:/home/sofia/.m2/repository/io/springfox/springfox-spi/2.9.2/springfox-spi-2.9.2.jar:/home/sofia/.m2/repository/io/springfox/springfox-core/2.9.2/springfox-core-2.9.2.jar:/home/sofia/.m2/repository/io/springfox/springfox-schema/2.9.2/springfox-schema-2.9.2.jar:/home/sofia/.m2/repository/io/springfox/springfox-spring-web/2.9.2/springfox-spring-web-2.9.2.jar:/home/sofia/.m2/repository/com/google/guava/guava/20.0/guava-20.0.jar:/home/sofia/.m2/repository/com/fasterxml/classmate/1.4.0/classmate-1.4.0.jar:/home/sofia/.m2/repository/org/springframework/plugin/spring-plugin-core/1.2.0.RELEASE/spring-plugin-core-1.2.0.RELEASE.jar:/home/sofia/.m2/repository/org/springframework/plugin/spring-plugin-metadata/1.2.0.RELEASE/spring-plugin-metadata-1.2.0.RELEASE.jar:/home/sofia/.m2/repository/org/mapstruct/mapstruct/1.2.0.Final/mapstruct-1.2.0.Final.jar:/home/sofia/.m2/repository/io/springfox/springfox-swagger-ui/2.9.2/springfox-swagger-ui-2.9.2.jar:/home/sofia/.m2/repository/io/springfox/springfox-swagger-common/2.9.2/springfox-swagger-common-2.9.2.jar:/home/sofia/.m2/repository/io/springfox/springfox-data-rest/2.9.2/springfox-data-rest-2.9.2.jar:/home/sofia/.m2/repository/org/springframework/hateoas/spring-hateoas/0.25.0.RELEASE/spring-hateoas-0.25.0.RELEASE.jar:/home/sofia/.m2/repository/io/springfox/springfox-bean-validators/2.9.2/springfox-bean-validators-2.9.2.jar:/home/sofia/.m2/repository/org/flowable/flowable-spring-boot-starter/6.4.2/flowable-spring-boot-starter-6.4.2.jar:/home/sofia/.m2/repository/org/flowable/flowable-spring-boot-autoconfigure/6.4.2/flowable-spring-boot-autoconfigure-6.4.2.jar:/home/sofia/.m2/repository/org/flowable/flowable-spring-security/6.4.2/flowable-spring-security-6.4.2.jar:/home/sofia/.m2/repository/org/flowable/flowable-engine-common-api/6.4.2/flowable-engine-common-api-6.4.2.jar:/home/sofia/.m2/repository/org/flowable/flowable-idm-api/6.4.2/flowable-idm-api-6.4.2.jar:/home/sofia/.m2/repository/org/flowable/flowable-spring-boot-starter-app/6.4.2/flowable-spring-boot-starter-app-6.4.2.jar:/home/sofia/.m2/repository/org/flowable/flowable-app-engine/6.4.2/flowable-app-engine-6.4.2.jar:/home/sofia/.m2/repository/org/flowable/flowable-app-engine-api/6.4.2/flowable-app-engine-api-6.4.2.jar:/home/sofia/.m2/repository/org/flowable/flowable-idm-engine/6.4.2/flowable-idm-engine-6.4.2.jar:/home/sofia/.m2/repository/commons-codec/commons-codec/1.11/commons-codec-1.11.jar:/home/sofia/.m2/repository/org/flowable/flowable-variable-service/6.4.2/flowable-variable-service-6.4.2.jar:/home/sofia/.m2/repository/org/flowable/flowable-identitylink-service/6.4.2/flowable-identitylink-service-6.4.2.jar:/home/sofia/.m2/repository/org/flowable/flowable-identitylink-service-api/6.4.2/flowable-identitylink-service-api-6.4.2.jar:/home/sofia/.m2/repository/com/fasterxml/uuid/java-uuid-generator/3.2.0/java-uuid-generator-3.2.0.jar:/home/sofia/.m2/repository/org/apache/commons/commons-lang3/3.8.1/commons-lang3-3.8.1.jar:/home/sofia/.m2/repository/org/flowable/flowable-dmn-api/6.4.2/flowable-dmn-api-6.4.2.jar:/home/sofia/.m2/repository/org/flowable/flowable-app-engine-spring/6.4.2/flowable-app-engine-spring-6.4.2.jar:/home/sofia/.m2/repository/org/slf4j/jcl-over-slf4j/1.7.25/jcl-over-slf4j-1.7.25.jar:/home/sofia/.m2/repository/org/flowable/flowable-spring-boot-starter-process/6.4.2/flowable-spring-boot-starter-process-6.4.2.jar:/home/sofia/.m2/repository/org/flowable/flowable-engine/6.4.2/flowable-engine-6.4.2.jar:/home/sofia/.m2/repository/org/flowable/flowable-bpmn-converter/6.4.2/flowable-bpmn-converter-6.4.2.jar:/home/sofia/.m2/repository/org/flowable/flowable-bpmn-model/6.4.2/flowable-bpmn-model-6.4.2.jar:/home/sofia/.m2/repository/org/flowable/flowable-process-validation/6.4.2/flowable-process-validation-6.4.2.jar:/home/sofia/.m2/repository/org/flowable/flowable-image-generator/6.4.2/flowable-image-generator-6.4.2.jar:/home/sofia/.m2/repository/org/flowable/flowable-entitylink-service/6.4.2/flowable-entitylink-service-6.4.2.jar:/home/sofia/.m2/repository/org/flowable/flowable-entitylink-service-api/6.4.2/flowable-entitylink-service-api-6.4.2.jar:/home/sofia/.m2/repository/org/flowable/flowable-eventsubscription-service/6.4.2/flowable-eventsubscription-service-6.4.2.jar:/home/sofia/.m2/repository/org/flowable/flowable-eventsubscription-service-api/6.4.2/flowable-eventsubscription-service-api-6.4.2.jar:/home/sofia/.m2/repository/org/flowable/flowable-task-service/6.4.2/flowable-task-service-6.4.2.jar:/home/sofia/.m2/repository/org/flowable/flowable-task-service-api/6.4.2/flowable-task-service-api-6.4.2.jar:/home/sofia/.m2/repository/org/flowable/flowable-job-service/6.4.2/flowable-job-service-6.4.2.jar:/home/sofia/.m2/repository/org/flowable/flowable-job-service-api/6.4.2/flowable-job-service-api-6.4.2.jar:/home/sofia/.m2/repository/org/flowable/flowable-cmmn-api/6.4.2/flowable-cmmn-api-6.4.2.jar:/home/sofia/.m2/repository/org/flowable/flowable-cmmn-model/6.4.2/flowable-cmmn-model-6.4.2.jar:/home/sofia/.m2/repository/org/flowable/flowable-form-model/6.4.2/flowable-form-model-6.4.2.jar:/home/sofia/.m2/repository/org/flowable/flowable-form-api/6.4.2/flowable-form-api-6.4.2.jar:/home/sofia/.m2/repository/org/flowable/flowable-content-api/6.4.2/flowable-content-api-6.4.2.jar:/home/sofia/.m2/repository/org/apache/commons/commons-email/1.5/commons-email-1.5.jar:/home/sofia/.m2/repository/com/sun/mail/javax.mail/1.6.2/javax.mail-1.6.2.jar:/home/sofia/.m2/repository/javax/activation/activation/1.1/activation-1.1.jar:/home/sofia/.m2/repository/org/mybatis/mybatis/3.5.1/mybatis-3.5.1.jar:/home/sofia/.m2/repository/joda-time/joda-time/2.10.1/joda-time-2.10.1.jar:/home/sofia/.m2/repository/org/flowable/flowable-spring/6.4.2/flowable-spring-6.4.2.jar:/home/sofia/.m2/repository/org/flowable/flowable-job-spring-service/6.4.2/flowable-job-spring-service-6.4.2.jar:/home/sofia/.m2/repository/org/flowable/flowable-spring-boot-starter-cmmn/6.4.2/flowable-spring-boot-starter-cmmn-6.4.2.jar:/home/sofia/.m2/repository/org/flowable/flowable-cmmn-engine/6.4.2/flowable-cmmn-engine-6.4.2.jar:/home/sofia/.m2/repository/org/flowable/flowable-cmmn-image-generator/6.4.2/flowable-cmmn-image-generator-6.4.2.jar:/home/sofia/.m2/repository/org/flowable/flowable-cmmn-converter/6.4.2/flowable-cmmn-converter-6.4.2.jar:/home/sofia/.m2/repository/org/flowable/flowable-cmmn-spring/6.4.2/flowable-cmmn-spring-6.4.2.jar:/home/sofia/.m2/repository/org/flowable/flowable-spring-boot-starter-dmn/6.4.2/flowable-spring-boot-starter-dmn-6.4.2.jar:/home/sofia/.m2/repository/org/flowable/flowable-dmn-engine/6.4.2/flowable-dmn-engine-6.4.2.jar:/home/sofia/.m2/repository/org/flowable/flowable-dmn-model/6.4.2/flowable-dmn-model-6.4.2.jar:/home/sofia/.m2/repository/org/flowable/flowable-dmn-xml-converter/6.4.2/flowable-dmn-xml-converter-6.4.2.jar:/home/sofia/.m2/repository/commons-io/commons-io/2.6/commons-io-2.6.jar:/home/sofia/.m2/repository/commons-logging/commons-logging/1.2/commons-logging-1.2.jar:/home/sofia/.m2/repository/org/flowable/flowable-dmn-spring/6.4.2/flowable-dmn-spring-6.4.2.jar:/home/sofia/.m2/repository/org/flowable/flowable-spring-configurator/6.4.2/flowable-spring-configurator-6.4.2.jar:/home/sofia/.m2/repository/org/flowable/flowable-engine-configurator/6.4.2/flowable-engine-configurator-6.4.2.jar:/home/sofia/.m2/repository/org/flowable/flowable-cmmn-spring-configurator/6.4.2/flowable-cmmn-spring-configurator-6.4.2.jar:/home/sofia/.m2/repository/org/flowable/flowable-cmmn-engine-configurator/6.4.2/flowable-cmmn-engine-configurator-6.4.2.jar:/home/sofia/.m2/repository/org/flowable/flowable-dmn-spring-configurator/6.4.2/flowable-dmn-spring-configurator-6.4.2.jar:/home/sofia/.m2/repository/org/flowable/flowable-dmn-engine-configurator/6.4.2/flowable-dmn-engine-configurator-6.4.2.jar:/home/sofia/.m2/repository/org/flowable/flowable-form-spring-configurator/6.4.2/flowable-form-spring-configurator-6.4.2.jar:/home/sofia/.m2/repository/org/flowable/flowable-form-spring/6.4.2/flowable-form-spring-6.4.2.jar:/home/sofia/.m2/repository/org/flowable/flowable-form-engine/6.4.2/flowable-form-engine-6.4.2.jar:/home/sofia/.m2/repository/org/flowable/flowable-form-json-converter/6.4.2/flowable-form-json-converter-6.4.2.jar:/home/sofia/.m2/repository/org/flowable/flowable-form-engine-configurator/6.4.2/flowable-form-engine-configurator-6.4.2.jar:/home/sofia/.m2/repository/org/flowable/flowable-content-spring-configurator/6.4.2/flowable-content-spring-configurator-6.4.2.jar:/home/sofia/.m2/repository/org/flowable/flowable-content-spring/6.4.2/flowable-content-spring-6.4.2.jar:/home/sofia/.m2/repository/org/flowable/flowable-content-engine/6.4.2/flowable-content-engine-6.4.2.jar:/home/sofia/.m2/repository/org/flowable/flowable-content-engine-configurator/6.4.2/flowable-content-engine-configurator-6.4.2.jar:/home/sofia/.m2/repository/org/flowable/flowable-idm-spring-configurator/6.4.2/flowable-idm-spring-configurator-6.4.2.jar:/home/sofia/.m2/repository/org/flowable/flowable-engine-common/6.4.2/flowable-engine-common-6.4.2.jar:/home/sofia/.m2/repository/org/flowable/flowable-variable-service-api/6.4.2/flowable-variable-service-api-6.4.2.jar:/home/sofia/.m2/repository/org/flowable/flowable-spring-common/6.4.2/flowable-spring-common-6.4.2.jar:/home/sofia/.m2/repository/org/flowable/flowable-idm-spring/6.4.2/flowable-idm-spring-6.4.2.jar:/home/sofia/.m2/repository/org/flowable/flowable-idm-engine-configurator/6.4.2/flowable-idm-engine-configurator-6.4.2.jar:/home/sofia/.m2/repository/org/junit/jupiter/junit-jupiter-engine/5.3.2/junit-jupiter-engine-5.3.2.jar:/home/sofia/.m2/repository/org/apiguardian/apiguardian-api/1.0.0/apiguardian-api-1.0.0.jar:/home/sofia/.m2/repository/org/junit/platform/junit-platform-engine/1.3.2/junit-platform-engine-1.3.2.jar:/home/sofia/.m2/repository/org/junit/platform/junit-platform-commons/1.3.2/junit-platform-commons-1.3.2.jar:/home/sofia/.m2/repository/org/opentest4j/opentest4j/1.1.1/opentest4j-1.1.1.jar:/home/sofia/.m2/repository/org/junit/jupiter/junit-jupiter-api/5.3.2/junit-jupiter-api-5.3.2.jar:"/>
    <property name="sun.cpu.endian" value="little"/>
    <property name="user.home" value="/home/sofia"/>
    <property name="user.language" value="es"/>
    <property name="java.specification.vendor" value="Oracle Corporation"/>
    <property name="java.home" value="/usr/lib/jvm/java-8-openjdk-amd64/jre"/>
    <property name="basedir" value="/home/sofia/Documentos/peoplemanagement/back-end"/>
    <property name="file.separator" value="/"/>
    <property name="line.separator" value="&#10;"/>
    <property name="java.vm.specification.vendor" value="Oracle Corporation"/>
    <property name="java.specification.name" value="Java Platform API Specification"/>
    <property name="java.awt.graphicsenv" value="sun.awt.X11GraphicsEnvironment"/>
    <property name="surefire.real.class.path" value="/home/sofia/Documentos/peoplemanagement/back-end/target/surefire/surefirebooter7621027991244241249.jar"/>
    <property name="sun.boot.class.path" value="/usr/lib/jvm/java-8-openjdk-amd64/jre/lib/resources.jar:/usr/lib/jvm/java-8-openjdk-amd64/jre/lib/rt.jar:/usr/lib/jvm/java-8-openjdk-amd64/jre/lib/sunrsasign.jar:/usr/lib/jvm/java-8-openjdk-amd64/jre/lib/jsse.jar:/usr/lib/jvm/java-8-openjdk-amd64/jre/lib/jce.jar:/usr/lib/jvm/java-8-openjdk-amd64/jre/lib/charsets.jar:/usr/lib/jvm/java-8-openjdk-amd64/jre/lib/jfr.jar:/usr/lib/jvm/java-8-openjdk-amd64/jre/classes"/>
    <property name="sun.management.compiler" value="HotSpot 64-Bit Tiered Compilers"/>
    <property name="java.runtime.version" value="1.8.0_232-8u232-b09-0ubuntu1~18.04.1-b09"/>
    <property name="user.name" value="sofia"/>
    <property name="path.separator" value=":"/>
    <property name="os.version" value="4.15.0-72-generic"/>
    <property name="java.endorsed.dirs" value="/usr/lib/jvm/java-8-openjdk-amd64/jre/lib/endorsed"/>
    <property name="java.runtime.name" value="OpenJDK Runtime Environment"/>
    <property name="file.encoding" value="UTF-8"/>
    <property name="java.vm.name" value="OpenJDK 64-Bit Server VM"/>
    <property name="localRepository" value="/home/sofia/.m2/repository"/>
    <property name="java.vendor.url.bug" value="http://bugreport.sun.com/bugreport/"/>
    <property name="java.io.tmpdir" value="/tmp"/>
    <property name="java.version" value="1.8.0_232"/>
    <property name="user.dir" value="/home/sofia/Documentos/peoplemanagement/back-end"/>
    <property name="os.arch" value="amd64"/>
    <property name="java.vm.specification.name" value="Java Virtual Machine Specification"/>
    <property name="java.awt.printerjob" value="sun.print.PSPrinterJob"/>
    <property name="sun.os.patch.level" value="unknown"/>
    <property name="java.library.path" value="/usr/java/packages/lib/amd64:/usr/lib/x86_64-linux-gnu/jni:/lib/x86_64-linux-gnu:/usr/lib/x86_64-linux-gnu:/usr/lib/jni:/lib:/usr/lib"/>
    <property name="java.vm.info" value="mixed mode"/>
    <property name="java.vendor" value="Private Build"/>
    <property name="java.vm.version" value="25.232-b09"/>
    <property name="java.ext.dirs" value="/usr/lib/jvm/java-8-openjdk-amd64/jre/lib/ext:/usr/java/packages/lib/ext"/>
    <property name="sun.io.unicode.encoding" value="UnicodeLittle"/>
    <property name="java.class.version" value="52.0"/>
  </properties>
  <testcase name="interviewIntegrationTest" classname="com.swnat.processes.InterviewWorkflowIntegrationTest" time="2.526"/>
</testsuite>